<?xml version="1.0" encoding="UTF-8"?>
<!-- Generated by org.testng.reporters.JUnitXMLReporter -->
<testsuite ignored="1" hostname="RavikumarPC" failures="0" tests="2" name="Carloan" time="0.009" errors="0" timestamp="2022-12-15T11:08:30 IST">
  <testcase classname="test1.sample2" name="APIlogincarloan" time="0.001"/>
  <testcase classname="test1.sample2" name="weblogincarloan" time="0.001"/>
  <testcase classname="test1.sample2" name="Mobilelogincarloan" time="0.0">
    <ignored/>
  </testcase> <!-- Mobilelogincarloan -->
</testsuite> <!-- Carloan -->
