<?xml version="1.0" encoding="UTF-8"?>
<!-- Generated by org.testng.reporters.JUnitXMLReporter -->
<testsuite ignored="7" hostname="RavikumarPC" failures="0" tests="2" name="smoketesting" time="0.032" errors="0" timestamp="2022-12-14T22:40:21 IST">
  <testcase classname="test1.sample2" name="APIlogincarloan" time="0.006"/>
  <testcase classname="test1.Sample3" name="MobilelogincHomeloan" time="0.001"/>
  <testcase classname="test1.sample2" name="weblogincarloan" time="0.0">
    <ignored/>
  </testcase> <!-- weblogincarloan -->
  <testcase classname="test1.Sample1" name="test2" time="0.0">
    <ignored/>
  </testcase> <!-- test2 -->
  <testcase classname="test1.Sample1" name="test1" time="0.0">
    <ignored/>
  </testcase> <!-- test1 -->
  <testcase classname="test1.Sample3" name="webloginHomeloan" time="0.0">
    <ignored/>
  </testcase> <!-- webloginHomeloan -->
  <testcase classname="test1.Sample3" name="APIloginHomeloan" time="0.0">
    <ignored/>
  </testcase> <!-- APIloginHomeloan -->
  <testcase classname="test1.Sample1" name="test3" time="0.0">
    <ignored/>
  </testcase> <!-- test3 -->
  <testcase classname="test1.sample2" name="Mobilelogincarloan" time="0.0">
    <ignored/>
  </testcase> <!-- Mobilelogincarloan -->
</testsuite> <!-- smoketesting -->
